# JRE version: Java(TM) SE Runtime Environment (8.0_111-b14) (build 1.8.0_111-b14)
# Java VM: Java HotSpot(TM) 64-Bit Server VM (25.111-b14 mixed mode windows-amd64 compressed oops)
Heap:
 PSYoungGen      total 32256K, used 31513K [0x00000000d5f00000, 0x00000000d8400000, 0x0000000100000000)
  eden space 31744K, 98% used [0x00000000d5f00000,0x00000000d7dae670,0x00000000d7e00000)
  from space 512K, 18% used [0x00000000d8180000,0x00000000d8198000,0x00000000d8200000)
  to   space 1536K, 0% used [0x00000000d8280000,0x00000000d8280000,0x00000000d8400000)
 ParOldGen       total 87552K, used 857K [0x0000000081c00000, 0x0000000087180000, 0x00000000d5f00000)
  object space 87552K, 0% used [0x0000000081c00000,0x0000000081cd66b8,0x0000000087180000)
 Metaspace       used 5264K, capacity 5663K, committed 5760K, reserved 1056768K
  class space    used 522K, capacity 560K, committed 640K, reserved 1048576K
GC Heap History (10 events):
Event: 7.778 GC heap before
{Heap before GC invocations=3 (full 0):
 PSYoungGen      total 38400K, used 34144K [0x00000000d5f00000, 0x00000000d8980000, 0x0000000100000000)
  eden space 33280K, 100% used [0x00000000d5f00000,0x00000000d7f80000,0x00000000d7f80000)
  from space 5120K, 16% used [0x00000000d8480000,0x00000000d8558000,0x00000000d8980000)
  to   space 5120K, 0% used [0x00000000d7f80000,0x00000000d7f80000,0x00000000d8480000)
 ParOldGen       total 87552K, used 16K [0x0000000081c00000, 0x0000000087180000, 0x00000000d5f00000)
  object space 87552K, 0% used [0x0000000081c00000,0x0000000081c04000,0x0000000087180000)
 Metaspace       used 5263K, capacity 5663K, committed 5760K, reserved 1056768K
  class space    used 522K, capacity 560K, committed 640K, reserved 1048576K
Event: 7.779 GC heap after
Heap after GC invocations=3 (full 0):
 PSYoungGen      total 38400K, used 864K [0x00000000d5f00000, 0x00000000d8980000, 0x0000000100000000)
  eden space 33280K, 0% used [0x00000000d5f00000,0x00000000d5f00000,0x00000000d7f80000)
  from space 5120K, 16% used [0x00000000d7f80000,0x00000000d8058000,0x00000000d8480000)
  to   space 5120K, 0% used [0x00000000d8480000,0x00000000d8480000,0x00000000d8980000)
 ParOldGen       total 87552K, used 16K [0x0000000081c00000, 0x0000000087180000, 0x00000000d5f00000)
  object space 87552K, 0% used [0x0000000081c00000,0x0000000081c04000,0x0000000087180000)
 Metaspace       used 5263K, capacity 5663K, committed 5760K, reserved 1056768K
  class space    used 522K, capacity 560K, committed 640K, reserved 1048576K
}
Event: 8.132 GC heap before
{Heap before GC invocations=4 (full 0):
 PSYoungGen      total 38400K, used 34144K [0x00000000d5f00000, 0x00000000d8980000, 0x0000000100000000)
  eden space 33280K, 100% used [0x00000000d5f00000,0x00000000d7f80000,0x00000000d7f80000)
  from space 5120K, 16% used [0x00000000d7f80000,0x00000000d8058000,0x00000000d8480000)
  to   space 5120K, 0% used [0x00000000d8480000,0x00000000d8480000,0x00000000d8980000)
 ParOldGen       total 87552K, used 16K [0x0000000081c00000, 0x0000000087180000, 0x00000000d5f00000)
  object space 87552K, 0% used [0x0000000081c00000,0x0000000081c04000,0x0000000087180000)
 Metaspace       used 5263K, capacity 5663K, committed 5760K, reserved 1056768K
  class space    used 522K, capacity 560K, committed 640K, reserved 1048576K
Event: 8.135 GC heap after
Heap after GC invocations=4 (full 0):
 PSYoungGen      total 38400K, used 880K [0x00000000d5f00000, 0x00000000d8980000, 0x0000000100000000)
  eden space 33280K, 0% used [0x00000000d5f00000,0x00000000d5f00000,0x00000000d7f80000)
  from space 5120K, 17% used [0x00000000d8480000,0x00000000d855c010,0x00000000d8980000)
  to   space 5120K, 0% used [0x00000000d7f80000,0x00000000d7f80000,0x00000000d8480000)
 ParOldGen       total 87552K, used 24K [0x0000000081c00000, 0x0000000087180000, 0x00000000d5f00000)
  object space 87552K, 0% used [0x0000000081c00000,0x0000000081c06000,0x0000000087180000)
 Metaspace       used 5263K, capacity 5663K, committed 5760K, reserved 1056768K
  class space    used 522K, capacity 560K, committed 640K, reserved 1048576K
}
Event: 8.504 GC heap before
{Heap before GC invocations=5 (full 0):
 PSYoungGen      total 38400K, used 34160K [0x00000000d5f00000, 0x00000000d8980000, 0x0000000100000000)
  eden space 33280K, 100% used [0x00000000d5f00000,0x00000000d7f80000,0x00000000d7f80000)
  from space 5120K, 17% used [0x00000000d8480000,0x00000000d855c010,0x00000000d8980000)
  to   space 5120K, 0% used [0x00000000d7f80000,0x00000000d7f80000,0x00000000d8480000)
 ParOldGen       total 87552K, used 24K [0x0000000081c00000, 0x0000000087180000, 0x00000000d5f00000)
  object space 87552K, 0% used [0x0000000081c00000,0x0000000081c06000,0x0000000087180000)
 Metaspace       used 5264K, capacity 5663K, committed 5760K, reserved 1056768K
  class space    used 522K, capacity 560K, committed 640K, reserved 1048576K
Event: 8.506 GC heap after
Heap after GC invocations=5 (full 0):
 PSYoungGen      total 33792K, used 848K [0x00000000d5f00000, 0x00000000d8500000, 0x0000000100000000)
  eden space 32768K, 0% used [0x00000000d5f00000,0x00000000d5f00000,0x00000000d7f00000)
  from space 1024K, 82% used [0x00000000d7f80000,0x00000000d8054010,0x00000000d8080000)
  to   space 1536K, 0% used [0x00000000d8380000,0x00000000d8380000,0x00000000d8500000)
 ParOldGen       total 87552K, used 24K [0x0000000081c00000, 0x0000000087180000, 0x00000000d5f00000)
  object space 87552K, 0% used [0x0000000081c00000,0x0000000081c06000,0x0000000087180000)
 Metaspace       used 5264K, capacity 5663K, committed 5760K, reserved 1056768K
  class space    used 522K, capacity 560K, committed 640K, reserved 1048576K
}
Event: 8.805 GC heap before
{Heap before GC invocations=6 (full 0):
 PSYoungGen      total 33792K, used 33616K [0x00000000d5f00000, 0x00000000d8500000, 0x0000000100000000)
  eden space 32768K, 100% used [0x00000000d5f00000,0x00000000d7f00000,0x00000000d7f00000)
  from space 1024K, 82% used [0x00000000d7f80000,0x00000000d8054010,0x00000000d8080000)
  to   space 1536K, 0% used [0x00000000d8380000,0x00000000d8380000,0x00000000d8500000)
 ParOldGen       total 87552K, used 24K [0x0000000081c00000, 0x0000000087180000, 0x00000000d5f00000)
  object space 87552K, 0% used [0x0000000081c00000,0x0000000081c06000,0x0000000087180000)
 Metaspace       used 5264K, capacity 5663K, committed 5760K, reserved 1056768K
  class space    used 522K, capacity 560K, committed 640K, reserved 1048576K
Event: 8.809 GC heap after
Heap after GC invocations=6 (full 0):
 PSYoungGen      total 33280K, used 864K [0x00000000d5f00000, 0x00000000d8480000, 0x0000000100000000)
  eden space 32256K, 0% used [0x00000000d5f00000,0x00000000d5f00000,0x00000000d7e80000)
  from space 1024K, 84% used [0x00000000d8380000,0x00000000d8458000,0x00000000d8480000)
  to   space 1536K, 0% used [0x00000000d8180000,0x00000000d8180000,0x00000000d8300000)
 ParOldGen       total 87552K, used 32K [0x0000000081c00000, 0x0000000087180000, 0x00000000d5f00000)
  object space 87552K, 0% used [0x0000000081c00000,0x0000000081c08000,0x0000000087180000)
 Metaspace       used 5264K, capacity 5663K, committed 5760K, reserved 1056768K
  class space    used 522K, capacity 560K, committed 640K, reserved 1048576K
}
Event: 9.115 GC heap before
{Heap before GC invocations=7 (full 0):
 PSYoungGen      total 33280K, used 33120K [0x00000000d5f00000, 0x00000000d8480000, 0x0000000100000000)
  eden space 32256K, 100% used [0x00000000d5f00000,0x00000000d7e80000,0x00000000d7e80000)
  from space 1024K, 84% used [0x00000000d8380000,0x00000000d8458000,0x00000000d8480000)
  to   space 1536K, 0% used [0x00000000d8180000,0x00000000d8180000,0x00000000d8300000)
 ParOldGen       total 87552K, used 32K [0x0000000081c00000, 0x0000000087180000, 0x00000000d5f00000)
  object space 87552K, 0% used [0x0000000081c00000,0x0000000081c08000,0x0000000087180000)
 Metaspace       used 5264K, capacity 5663K, committed 5760K, reserved 1056768K
  class space    used 522K, capacity 560K, committed 640K, reserved 1048576K
Event: 9.118 GC heap after
Heap after GC invocations=7 (full 0):
 PSYoungGen      total 32256K, used 96K [0x00000000d5f00000, 0x00000000d8400000, 0x0000000100000000)
  eden space 31744K, 0% used [0x00000000d5f00000,0x00000000d5f00000,0x00000000d7e00000)
  from space 512K, 18% used [0x00000000d8180000,0x00000000d8198000,0x00000000d8200000)
  to   space 1536K, 0% used [0x00000000d8280000,0x00000000d8280000,0x00000000d8400000)
 ParOldGen       total 87552K, used 857K [0x0000000081c00000, 0x0000000087180000, 0x00000000d5f00000)
  object space 87552K, 0% used [0x0000000081c00000,0x0000000081cd66b8,0x0000000087180000)
 Metaspace       used 5264K, capacity 5663K, committed 5760K, reserved 1056768K
  class space    used 522K, capacity 560K, committed 640K, reserved 1048576K
}

