# JRE version: Java(TM) SE Runtime Environment (8.0_111-b14) (build 1.8.0_111-b14)
# Java VM: Java HotSpot(TM) 64-Bit Server VM (25.111-b14 mixed mode windows-amd64 compressed oops)
Heap:
 PSYoungGen      total 71680K, used 64793K [0x00000000d5f00000, 0x00000000de400000, 0x0000000100000000)
  eden space 66560K, 96% used [0x00000000d5f00000,0x00000000d9d666a8,0x00000000da000000)
  from space 5120K, 17% used [0x00000000da000000,0x00000000da0e0000,0x00000000da500000)
  to   space 1536K, 0% used [0x00000000de280000,0x00000000de280000,0x00000000de400000)
 ParOldGen       total 87552K, used 24K [0x0000000081c00000, 0x0000000087180000, 0x00000000d5f00000)
  object space 87552K, 0% used [0x0000000081c00000,0x0000000081c06000,0x0000000087180000)
 Metaspace       used 5112K, capacity 5567K, committed 5760K, reserved 1056768K
  class space    used 503K, capacity 528K, committed 640K, reserved 1048576K
GC Heap History (10 events):
Event: 14.926 GC heap before
{Heap before GC invocations=1 (full 0):
 PSYoungGen      total 38400K, used 33280K [0x00000000d5f00000, 0x00000000d8980000, 0x0000000100000000)
  eden space 33280K, 100% used [0x00000000d5f00000,0x00000000d7f80000,0x00000000d7f80000)
  from space 5120K, 0% used [0x00000000d8480000,0x00000000d8480000,0x00000000d8980000)
  to   space 5120K, 0% used [0x00000000d7f80000,0x00000000d7f80000,0x00000000d8480000)
 ParOldGen       total 87552K, used 0K [0x0000000081c00000, 0x0000000087180000, 0x00000000d5f00000)
  object space 87552K, 0% used [0x0000000081c00000,0x0000000081c00000,0x0000000087180000)
 Metaspace       used 5108K, capacity 5567K, committed 5760K, reserved 1056768K
  class space    used 502K, capacity 528K, committed 640K, reserved 1048576K
Event: 14.929 GC heap after
Heap after GC invocations=1 (full 0):
 PSYoungGen      total 38400K, used 1432K [0x00000000d5f00000, 0x00000000d8980000, 0x0000000100000000)
  eden space 33280K, 0% used [0x00000000d5f00000,0x00000000d5f00000,0x00000000d7f80000)
  from space 5120K, 27% used [0x00000000d7f80000,0x00000000d80e61a8,0x00000000d8480000)
  to   space 5120K, 0% used [0x00000000d8480000,0x00000000d8480000,0x00000000d8980000)
 ParOldGen       total 87552K, used 8K [0x0000000081c00000, 0x0000000087180000, 0x00000000d5f00000)
  object space 87552K, 0% used [0x0000000081c00000,0x0000000081c02000,0x0000000087180000)
 Metaspace       used 5108K, capacity 5567K, committed 5760K, reserved 1056768K
  class space    used 502K, capacity 528K, committed 640K, reserved 1048576K
}
Event: 14.966 GC heap before
{Heap before GC invocations=2 (full 0):
 PSYoungGen      total 38400K, used 34712K [0x00000000d5f00000, 0x00000000d8980000, 0x0000000100000000)
  eden space 33280K, 100% used [0x00000000d5f00000,0x00000000d7f80000,0x00000000d7f80000)
  from space 5120K, 27% used [0x00000000d7f80000,0x00000000d80e61a8,0x00000000d8480000)
  to   space 5120K, 0% used [0x00000000d8480000,0x00000000d8480000,0x00000000d8980000)
 ParOldGen       total 87552K, used 8K [0x0000000081c00000, 0x0000000087180000, 0x00000000d5f00000)
  object space 87552K, 0% used [0x0000000081c00000,0x0000000081c02000,0x0000000087180000)
 Metaspace       used 5111K, capacity 5567K, committed 5760K, reserved 1056768K
  class space    used 502K, capacity 528K, committed 640K, reserved 1048576K
Event: 14.967 GC heap after
Heap after GC invocations=2 (full 0):
 PSYoungGen      total 38400K, used 848K [0x00000000d5f00000, 0x00000000daa00000, 0x0000000100000000)
  eden space 33280K, 0% used [0x00000000d5f00000,0x00000000d5f00000,0x00000000d7f80000)
  from space 5120K, 16% used [0x00000000d8480000,0x00000000d8554010,0x00000000d8980000)
  to   space 5120K, 0% used [0x00000000d7f80000,0x00000000d7f80000,0x00000000d8480000)
 ParOldGen       total 87552K, used 16K [0x0000000081c00000, 0x0000000087180000, 0x00000000d5f00000)
  object space 87552K, 0% used [0x0000000081c00000,0x0000000081c04000,0x0000000087180000)
 Metaspace       used 5111K, capacity 5567K, committed 5760K, reserved 1056768K
  class space    used 502K, capacity 528K, committed 640K, reserved 1048576K
}
Event: 14.999 GC heap before
{Heap before GC invocations=3 (full 0):
 PSYoungGen      total 38400K, used 34128K [0x00000000d5f00000, 0x00000000daa00000, 0x0000000100000000)
  eden space 33280K, 100% used [0x00000000d5f00000,0x00000000d7f80000,0x00000000d7f80000)
  from space 5120K, 16% used [0x00000000d8480000,0x00000000d8554010,0x00000000d8980000)
  to   space 5120K, 0% used [0x00000000d7f80000,0x00000000d7f80000,0x00000000d8480000)
 ParOldGen       total 87552K, used 16K [0x0000000081c00000, 0x0000000087180000, 0x00000000d5f00000)
  object space 87552K, 0% used [0x0000000081c00000,0x0000000081c04000,0x0000000087180000)
 Metaspace       used 5111K, capacity 5567K, committed 5760K, reserved 1056768K
  class space    used 502K, capacity 528K, committed 640K, reserved 1048576K
Event: 15.000 GC heap after
Heap after GC invocations=3 (full 0):
 PSYoungGen      total 38400K, used 864K [0x00000000d5f00000, 0x00000000daa00000, 0x0000000100000000)
  eden space 33280K, 0% used [0x00000000d5f00000,0x00000000d5f00000,0x00000000d7f80000)
  from space 5120K, 16% used [0x00000000d7f80000,0x00000000d8058000,0x00000000d8480000)
  to   space 5120K, 0% used [0x00000000da500000,0x00000000da500000,0x00000000daa00000)
 ParOldGen       total 87552K, used 16K [0x0000000081c00000, 0x0000000087180000, 0x00000000d5f00000)
  object space 87552K, 0% used [0x0000000081c00000,0x0000000081c04000,0x0000000087180000)
 Metaspace       used 5111K, capacity 5567K, committed 5760K, reserved 1056768K
  class space    used 502K, capacity 528K, committed 640K, reserved 1048576K
}
Event: 15.037 GC heap before
{Heap before GC invocations=4 (full 0):
 PSYoungGen      total 38400K, used 34143K [0x00000000d5f00000, 0x00000000daa00000, 0x0000000100000000)
  eden space 33280K, 99% used [0x00000000d5f00000,0x00000000d7f7ff08,0x00000000d7f80000)
  from space 5120K, 16% used [0x00000000d7f80000,0x00000000d8058000,0x00000000d8480000)
  to   space 5120K, 0% used [0x00000000da500000,0x00000000da500000,0x00000000daa00000)
 ParOldGen       total 87552K, used 16K [0x0000000081c00000, 0x0000000087180000, 0x00000000d5f00000)
  object space 87552K, 0% used [0x0000000081c00000,0x0000000081c04000,0x0000000087180000)
 Metaspace       used 5111K, capacity 5567K, committed 5760K, reserved 1056768K
  class space    used 502K, capacity 528K, committed 640K, reserved 1048576K
Event: 15.039 GC heap after
Heap after GC invocations=4 (full 0):
 PSYoungGen      total 71680K, used 864K [0x00000000d5f00000, 0x00000000daa00000, 0x0000000100000000)
  eden space 66560K, 0% used [0x00000000d5f00000,0x00000000d5f00000,0x00000000da000000)
  from space 5120K, 16% used [0x00000000da500000,0x00000000da5d8000,0x00000000daa00000)
  to   space 5120K, 0% used [0x00000000da000000,0x00000000da000000,0x00000000da500000)
 ParOldGen       total 87552K, used 16K [0x0000000081c00000, 0x0000000087180000, 0x00000000d5f00000)
  object space 87552K, 0% used [0x0000000081c00000,0x0000000081c04000,0x0000000087180000)
 Metaspace       used 5111K, capacity 5567K, committed 5760K, reserved 1056768K
  class space    used 502K, capacity 528K, committed 640K, reserved 1048576K
}
Event: 15.130 GC heap before
{Heap before GC invocations=5 (full 0):
 PSYoungGen      total 71680K, used 67424K [0x00000000d5f00000, 0x00000000daa00000, 0x0000000100000000)
  eden space 66560K, 100% used [0x00000000d5f00000,0x00000000da000000,0x00000000da000000)
  from space 5120K, 16% used [0x00000000da500000,0x00000000da5d8000,0x00000000daa00000)
  to   space 5120K, 0% used [0x00000000da000000,0x00000000da000000,0x00000000da500000)
 ParOldGen       total 87552K, used 16K [0x0000000081c00000, 0x0000000087180000, 0x00000000d5f00000)
  object space 87552K, 0% used [0x0000000081c00000,0x0000000081c04000,0x0000000087180000)
 Metaspace       used 5111K, capacity 5567K, committed 5760K, reserved 1056768K
  class space    used 502K, capacity 528K, committed 640K, reserved 1048576K
Event: 15.131 GC heap after
Heap after GC invocations=5 (full 0):
 PSYoungGen      total 71680K, used 896K [0x00000000d5f00000, 0x00000000de400000, 0x0000000100000000)
  eden space 66560K, 0% used [0x00000000d5f00000,0x00000000d5f00000,0x00000000da000000)
  from space 5120K, 17% used [0x00000000da000000,0x00000000da0e0000,0x00000000da500000)
  to   space 1536K, 0% used [0x00000000de280000,0x00000000de280000,0x00000000de400000)
 ParOldGen       total 87552K, used 24K [0x0000000081c00000, 0x0000000087180000, 0x00000000d5f00000)
  object space 87552K, 0% used [0x0000000081c00000,0x0000000081c06000,0x0000000087180000)
 Metaspace       used 5111K, capacity 5567K, committed 5760K, reserved 1056768K
  class space    used 502K, capacity 528K, committed 640K, reserved 1048576K
}

